[:00000002] LAUNCH snlua bootstrap
[:00000003] LAUNCH snlua launcher
[:00000004] LAUNCH snlua cdummy
[:00000005] LAUNCH harbor 0 4
[:00000006] LAUNCH snlua datacenterd
[:00000007] LAUNCH snlua service_mgr
[:00000008] LAUNCH snlua main
[:00000008] Server start
[:00000009] LAUNCH snlua debug_console 8000
[:00000009] Start debug console at 127.0.0.1:8000
[:0000000a] LAUNCH snlua pbc
[:0000000a] init pbc...
[:0000000a] pbc test...
[:0000000a] pb encode: string
[:0000000a] 4097
[:0000000a] 101
[:0000000a] [31m[error] default_table hall.BuildConfigsReq gameTypes [0m
[:0000000a] gameTypes table: 0x7fa4aa2457c0
[:0000000b] LAUNCH snlua mysqldb
[:0000000c] LAUNCH snlua watchdog
[:0000000d] LAUNCH snlua gate
[:0000000e] LAUNCH snlua login
[:0000000d] Listen on 0.0.0.0:60000
[:00000008] Watchdog listen on 8888
[:00000008] KILL self
[:00000002] KILL self
